# JRE version: OpenJDK Runtime Environment Temurin-21.0.10+7 (21.0.10+7) (build 21.0.10+7-LTS)
# Java VM: OpenJDK 64-Bit Server VM Temurin-21.0.10+7 (21.0.10+7-LTS, mixed mode, sharing, tiered, compressed oops, compressed class ptrs, parallel gc, windows-amd64)
GC Precious Log:
 CardTable entry size: 512
 CPUs: 8 total, 8 available
 Memory: 10178M
 Large Page Support: Disabled
 NUMA Support: Disabled
 Compressed Oops: Enabled (32-bit)
 Alignments: Space 512K, Generation 512K, Heap 2M
 Heap Min Capacity: 100M
 Heap Initial Capacity: 100M
 Heap Max Capacity: 2G
 Pre-touch: Disabled
 Parallel Workers: 8
Heap:
 PSYoungGen      total 9216K, used 6455K [0x00000000d5580000, 0x00000000d5f80000, 0x0000000100000000)
  eden space 8704K, 71% used [0x00000000d5580000,0x00000000d5b95ce8,0x00000000d5e00000)
  from space 512K, 43% used [0x00000000d5f00000,0x00000000d5f38000,0x00000000d5f80000)
  to   space 512K, 0% used [0x00000000d5e80000,0x00000000d5e80000,0x00000000d5f00000)
 ParOldGen       total 875008K, used 410458K [0x0000000080000000, 0x00000000b5680000, 0x00000000d5580000)
  object space 875008K, 46% used [0x0000000080000000,0x00000000990d6b88,0x00000000b5680000)
 Metaspace       used 87731K, committed 89536K, reserved 1179648K
  class space    used 9139K, committed 9920K, reserved 1048576K
GC Heap History (20 events):
Event: 951.771 GC heap before
{Heap before GC invocations=1470 (full 4):
 PSYoungGen      total 9728K, used 9120K [0x00000000d5580000, 0x00000000d5f80000, 0x0000000100000000)
  eden space 8704K, 100% used [0x00000000d5580000,0x00000000d5e00000,0x00000000d5e00000)
  from space 1024K, 40% used [0x00000000d5e00000,0x00000000d5e68000,0x00000000d5f00000)
  to   space 512K, 0% used [0x00000000d5f00000,0x00000000d5f00000,0x00000000d5f80000)
 ParOldGen       total 875008K, used 408715K [0x0000000080000000, 0x00000000b5680000, 0x00000000d5580000)
  object space 875008K, 46% used [0x0000000080000000,0x0000000098f22c88,0x00000000b5680000)
 Metaspace       used 87720K, committed 89536K, reserved 1179648K
  class space    used 9139K, committed 9920K, reserved 1048576K
}
Event: 951.773 GC heap after
{Heap after GC invocations=1470 (full 4):
 PSYoungGen      total 9216K, used 396K [0x00000000d5580000, 0x00000000d5f80000, 0x0000000100000000)
  eden space 8704K, 0% used [0x00000000d5580000,0x00000000d5580000,0x00000000d5e00000)
  from space 512K, 77% used [0x00000000d5f00000,0x00000000d5f63138,0x00000000d5f80000)
  to   space 512K, 0% used [0x00000000d5e80000,0x00000000d5e80000,0x00000000d5f00000)
 ParOldGen       total 875008K, used 409011K [0x0000000080000000, 0x00000000b5680000, 0x00000000d5580000)
  object space 875008K, 46% used [0x0000000080000000,0x0000000098f6cc88,0x00000000b5680000)
 Metaspace       used 87720K, committed 89536K, reserved 1179648K
  class space    used 9139K, committed 9920K, reserved 1048576K
}
Event: 951.797 GC heap before
{Heap before GC invocations=1471 (full 4):
 PSYoungGen      total 9216K, used 9100K [0x00000000d5580000, 0x00000000d5f80000, 0x0000000100000000)
  eden space 8704K, 100% used [0x00000000d5580000,0x00000000d5e00000,0x00000000d5e00000)
  from space 512K, 77% used [0x00000000d5f00000,0x00000000d5f63138,0x00000000d5f80000)
  to   space 512K, 0% used [0x00000000d5e80000,0x00000000d5e80000,0x00000000d5f00000)
 ParOldGen       total 875008K, used 409011K [0x0000000080000000, 0x00000000b5680000, 0x00000000d5580000)
  object space 875008K, 46% used [0x0000000080000000,0x0000000098f6cc88,0x00000000b5680000)
 Metaspace       used 87720K, committed 89536K, reserved 1179648K
  class space    used 9139K, committed 9920K, reserved 1048576K
}
Event: 951.798 GC heap after
{Heap after GC invocations=1471 (full 4):
 PSYoungGen      total 9216K, used 370K [0x00000000d5580000, 0x00000000d5f80000, 0x0000000100000000)
  eden space 8704K, 0% used [0x00000000d5580000,0x00000000d5580000,0x00000000d5e00000)
  from space 512K, 72% used [0x00000000d5e80000,0x00000000d5edc950,0x00000000d5f00000)
  to   space 512K, 0% used [0x00000000d5f00000,0x00000000d5f00000,0x00000000d5f80000)
 ParOldGen       total 875008K, used 409229K [0x0000000080000000, 0x00000000b5680000, 0x00000000d5580000)
  object space 875008K, 46% used [0x0000000080000000,0x0000000098fa3558,0x00000000b5680000)
 Metaspace       used 87720K, committed 89536K, reserved 1179648K
  class space    used 9139K, committed 9920K, reserved 1048576K
}
Event: 951.809 GC heap before
{Heap before GC invocations=1472 (full 4):
 PSYoungGen      total 9216K, used 9074K [0x00000000d5580000, 0x00000000d5f80000, 0x0000000100000000)
  eden space 8704K, 100% used [0x00000000d5580000,0x00000000d5e00000,0x00000000d5e00000)
  from space 512K, 72% used [0x00000000d5e80000,0x00000000d5edc950,0x00000000d5f00000)
  to   space 512K, 0% used [0x00000000d5f00000,0x00000000d5f00000,0x00000000d5f80000)
 ParOldGen       total 875008K, used 409229K [0x0000000080000000, 0x00000000b5680000, 0x00000000d5580000)
  object space 875008K, 46% used [0x0000000080000000,0x0000000098fa3558,0x00000000b5680000)
 Metaspace       used 87720K, committed 89536K, reserved 1179648K
  class space    used 9139K, committed 9920K, reserved 1048576K
}
Event: 951.811 GC heap after
{Heap after GC invocations=1472 (full 4):
 PSYoungGen      total 9216K, used 372K [0x00000000d5580000, 0x00000000d5f80000, 0x0000000100000000)
  eden space 8704K, 0% used [0x00000000d5580000,0x00000000d5580000,0x00000000d5e00000)
  from space 512K, 72% used [0x00000000d5f00000,0x00000000d5f5d0e0,0x00000000d5f80000)
  to   space 512K, 0% used [0x00000000d5e80000,0x00000000d5e80000,0x00000000d5f00000)
 ParOldGen       total 875008K, used 409333K [0x0000000080000000, 0x00000000b5680000, 0x00000000d5580000)
  object space 875008K, 46% used [0x0000000080000000,0x0000000098fbd558,0x00000000b5680000)
 Metaspace       used 87720K, committed 89536K, reserved 1179648K
  class space    used 9139K, committed 9920K, reserved 1048576K
}
Event: 951.831 GC heap before
{Heap before GC invocations=1473 (full 4):
 PSYoungGen      total 9216K, used 9076K [0x00000000d5580000, 0x00000000d5f80000, 0x0000000100000000)
  eden space 8704K, 100% used [0x00000000d5580000,0x00000000d5e00000,0x00000000d5e00000)
  from space 512K, 72% used [0x00000000d5f00000,0x00000000d5f5d0e0,0x00000000d5f80000)
  to   space 512K, 0% used [0x00000000d5e80000,0x00000000d5e80000,0x00000000d5f00000)
 ParOldGen       total 875008K, used 409333K [0x0000000080000000, 0x00000000b5680000, 0x00000000d5580000)
  object space 875008K, 46% used [0x0000000080000000,0x0000000098fbd558,0x00000000b5680000)
 Metaspace       used 87728K, committed 89536K, reserved 1179648K
  class space    used 9139K, committed 9920K, reserved 1048576K
}
Event: 952.833 GC heap after
{Heap after GC invocations=1473 (full 4):
 PSYoungGen      total 9216K, used 483K [0x00000000d5580000, 0x00000000d6000000, 0x0000000100000000)
  eden space 8704K, 0% used [0x00000000d5580000,0x00000000d5580000,0x00000000d5e00000)
  from space 512K, 94% used [0x00000000d5e80000,0x00000000d5ef8df8,0x00000000d5f00000)
  to   space 1024K, 0% used [0x00000000d5f00000,0x00000000d5f00000,0x00000000d6000000)
 ParOldGen       total 875008K, used 409397K [0x0000000080000000, 0x00000000b5680000, 0x00000000d5580000)
  object space 875008K, 46% used [0x0000000080000000,0x0000000098fcd558,0x00000000b5680000)
 Metaspace       used 87728K, committed 89536K, reserved 1179648K
  class space    used 9139K, committed 9920K, reserved 1048576K
}
Event: 952.861 GC heap before
{Heap before GC invocations=1474 (full 4):
 PSYoungGen      total 9216K, used 9187K [0x00000000d5580000, 0x00000000d6000000, 0x0000000100000000)
  eden space 8704K, 100% used [0x00000000d5580000,0x00000000d5e00000,0x00000000d5e00000)
  from space 512K, 94% used [0x00000000d5e80000,0x00000000d5ef8df8,0x00000000d5f00000)
  to   space 1024K, 0% used [0x00000000d5f00000,0x00000000d5f00000,0x00000000d6000000)
 ParOldGen       total 875008K, used 409397K [0x0000000080000000, 0x00000000b5680000, 0x00000000d5580000)
  object space 875008K, 46% used [0x0000000080000000,0x0000000098fcd558,0x00000000b5680000)
 Metaspace       used 87728K, committed 89536K, reserved 1179648K
  class space    used 9139K, committed 9920K, reserved 1048576K
}
Event: 952.863 GC heap after
{Heap after GC invocations=1474 (full 4):
 PSYoungGen      total 9728K, used 511K [0x00000000d5580000, 0x00000000d6000000, 0x0000000100000000)
  eden space 8704K, 0% used [0x00000000d5580000,0x00000000d5580000,0x00000000d5e00000)
  from space 1024K, 49% used [0x00000000d5f00000,0x00000000d5f7fdd0,0x00000000d6000000)
  to   space 1024K, 0% used [0x00000000d5e00000,0x00000000d5e00000,0x00000000d5f00000)
 ParOldGen       total 875008K, used 409677K [0x0000000080000000, 0x00000000b5680000, 0x00000000d5580000)
  object space 875008K, 46% used [0x0000000080000000,0x0000000099013558,0x00000000b5680000)
 Metaspace       used 87728K, committed 89536K, reserved 1179648K
  class space    used 9139K, committed 9920K, reserved 1048576K
}
Event: 952.881 GC heap before
{Heap before GC invocations=1475 (full 4):
 PSYoungGen      total 9728K, used 9215K [0x00000000d5580000, 0x00000000d6000000, 0x0000000100000000)
  eden space 8704K, 100% used [0x00000000d5580000,0x00000000d5e00000,0x00000000d5e00000)
  from space 1024K, 49% used [0x00000000d5f00000,0x00000000d5f7fdd0,0x00000000d6000000)
  to   space 1024K, 0% used [0x00000000d5e00000,0x00000000d5e00000,0x00000000d5f00000)
 ParOldGen       total 875008K, used 409677K [0x0000000080000000, 0x00000000b5680000, 0x00000000d5580000)
  object space 875008K, 46% used [0x0000000080000000,0x0000000099013558,0x00000000b5680000)
 Metaspace       used 87728K, committed 89536K, reserved 1179648K
  class space    used 9139K, committed 9920K, reserved 1048576K
}
Event: 952.883 GC heap after
{Heap after GC invocations=1475 (full 4):
 PSYoungGen      total 9728K, used 636K [0x00000000d5580000, 0x00000000d6000000, 0x0000000100000000)
  eden space 8704K, 0% used [0x00000000d5580000,0x00000000d5580000,0x00000000d5e00000)
  from space 1024K, 62% used [0x00000000d5e00000,0x00000000d5e9f138,0x00000000d5f00000)
  to   space 1024K, 0% used [0x00000000d5f00000,0x00000000d5f00000,0x00000000d6000000)
 ParOldGen       total 875008K, used 409914K [0x0000000080000000, 0x00000000b5680000, 0x00000000d5580000)
  object space 875008K, 46% used [0x0000000080000000,0x000000009904eb68,0x00000000b5680000)
 Metaspace       used 87728K, committed 89536K, reserved 1179648K
  class space    used 9139K, committed 9920K, reserved 1048576K
}
Event: 952.910 GC heap before
{Heap before GC invocations=1476 (full 4):
 PSYoungGen      total 9728K, used 9340K [0x00000000d5580000, 0x00000000d6000000, 0x0000000100000000)
  eden space 8704K, 100% used [0x00000000d5580000,0x00000000d5e00000,0x00000000d5e00000)
  from space 1024K, 62% used [0x00000000d5e00000,0x00000000d5e9f138,0x00000000d5f00000)
  to   space 1024K, 0% used [0x00000000d5f00000,0x00000000d5f00000,0x00000000d6000000)
 ParOldGen       total 875008K, used 409914K [0x0000000080000000, 0x00000000b5680000, 0x00000000d5580000)
  object space 875008K, 46% used [0x0000000080000000,0x000000009904eb68,0x00000000b5680000)
 Metaspace       used 87728K, committed 89536K, reserved 1179648K
  class space    used 9139K, committed 9920K, reserved 1048576K
}
Event: 952.911 GC heap after
{Heap after GC invocations=1476 (full 4):
 PSYoungGen      total 9216K, used 393K [0x00000000d5580000, 0x00000000d5f80000, 0x0000000100000000)
  eden space 8704K, 0% used [0x00000000d5580000,0x00000000d5580000,0x00000000d5e00000)
  from space 512K, 76% used [0x00000000d5f00000,0x00000000d5f62658,0x00000000d5f80000)
  to   space 512K, 0% used [0x00000000d5e80000,0x00000000d5e80000,0x00000000d5f00000)
 ParOldGen       total 875008K, used 410042K [0x0000000080000000, 0x00000000b5680000, 0x00000000d5580000)
  object space 875008K, 46% used [0x0000000080000000,0x000000009906eb88,0x00000000b5680000)
 Metaspace       used 87728K, committed 89536K, reserved 1179648K
  class space    used 9139K, committed 9920K, reserved 1048576K
}
Event: 952.940 GC heap before
{Heap before GC invocations=1477 (full 4):
 PSYoungGen      total 9216K, used 9050K [0x00000000d5580000, 0x00000000d5f80000, 0x0000000100000000)
  eden space 8704K, 99% used [0x00000000d5580000,0x00000000d5df4290,0x00000000d5e00000)
  from space 512K, 76% used [0x00000000d5f00000,0x00000000d5f62658,0x00000000d5f80000)
  to   space 512K, 0% used [0x00000000d5e80000,0x00000000d5e80000,0x00000000d5f00000)
 ParOldGen       total 875008K, used 410042K [0x0000000080000000, 0x00000000b5680000, 0x00000000d5580000)
  object space 875008K, 46% used [0x0000000080000000,0x000000009906eb88,0x00000000b5680000)
 Metaspace       used 87728K, committed 89536K, reserved 1179648K
  class space    used 9139K, committed 9920K, reserved 1048576K
}
Event: 952.942 GC heap after
{Heap after GC invocations=1477 (full 4):
 PSYoungGen      total 9216K, used 192K [0x00000000d5580000, 0x00000000d5f80000, 0x0000000100000000)
  eden space 8704K, 0% used [0x00000000d5580000,0x00000000d5580000,0x00000000d5e00000)
  from space 512K, 37% used [0x00000000d5e80000,0x00000000d5eb0000,0x00000000d5f00000)
  to   space 512K, 0% used [0x00000000d5f00000,0x00000000d5f00000,0x00000000d5f80000)
 ParOldGen       total 875008K, used 410202K [0x0000000080000000, 0x00000000b5680000, 0x00000000d5580000)
  object space 875008K, 46% used [0x0000000080000000,0x0000000099096b88,0x00000000b5680000)
 Metaspace       used 87728K, committed 89536K, reserved 1179648K
  class space    used 9139K, committed 9920K, reserved 1048576K
}
Event: 952.975 GC heap before
{Heap before GC invocations=1478 (full 4):
 PSYoungGen      total 9216K, used 8896K [0x00000000d5580000, 0x00000000d5f80000, 0x0000000100000000)
  eden space 8704K, 100% used [0x00000000d5580000,0x00000000d5e00000,0x00000000d5e00000)
  from space 512K, 37% used [0x00000000d5e80000,0x00000000d5eb0000,0x00000000d5f00000)
  to   space 512K, 0% used [0x00000000d5f00000,0x00000000d5f00000,0x00000000d5f80000)
 ParOldGen       total 875008K, used 410202K [0x0000000080000000, 0x00000000b5680000, 0x00000000d5580000)
  object space 875008K, 46% used [0x0000000080000000,0x0000000099096b88,0x00000000b5680000)
 Metaspace       used 87728K, committed 89536K, reserved 1179648K
  class space    used 9139K, committed 9920K, reserved 1048576K
}
Event: 952.977 GC heap after
{Heap after GC invocations=1478 (full 4):
 PSYoungGen      total 9216K, used 224K [0x00000000d5580000, 0x00000000d5f80000, 0x0000000100000000)
  eden space 8704K, 0% used [0x00000000d5580000,0x00000000d5580000,0x00000000d5e00000)
  from space 512K, 43% used [0x00000000d5f00000,0x00000000d5f38000,0x00000000d5f80000)
  to   space 512K, 0% used [0x00000000d5e80000,0x00000000d5e80000,0x00000000d5f00000)
 ParOldGen       total 875008K, used 410274K [0x0000000080000000, 0x00000000b5680000, 0x00000000d5580000)
  object space 875008K, 46% used [0x0000000080000000,0x00000000990a8b88,0x00000000b5680000)
 Metaspace       used 87728K, committed 89536K, reserved 1179648K
  class space    used 9139K, committed 9920K, reserved 1048576K
}
Event: 953.015 GC heap before
{Heap before GC invocations=1479 (full 4):
 PSYoungGen      total 9216K, used 8928K [0x00000000d5580000, 0x00000000d5f80000, 0x0000000100000000)
  eden space 8704K, 100% used [0x00000000d5580000,0x00000000d5e00000,0x00000000d5e00000)
  from space 512K, 43% used [0x00000000d5f00000,0x00000000d5f38000,0x00000000d5f80000)
  to   space 512K, 0% used [0x00000000d5e80000,0x00000000d5e80000,0x00000000d5f00000)
 ParOldGen       total 875008K, used 410274K [0x0000000080000000, 0x00000000b5680000, 0x00000000d5580000)
  object space 875008K, 46% used [0x0000000080000000,0x00000000990a8b88,0x00000000b5680000)
 Metaspace       used 87730K, committed 89536K, reserved 1179648K
  class space    used 9139K, committed 9920K, reserved 1048576K
}
Event: 953.016 GC heap after
{Heap after GC invocations=1479 (full 4):
 PSYoungGen      total 9216K, used 291K [0x00000000d5580000, 0x00000000d5f80000, 0x0000000100000000)
  eden space 8704K, 0% used [0x00000000d5580000,0x00000000d5580000,0x00000000d5e00000)
  from space 512K, 56% used [0x00000000d5e80000,0x00000000d5ec8db0,0x00000000d5f00000)
  to   space 512K, 0% used [0x00000000d5f00000,0x00000000d5f00000,0x00000000d5f80000)
 ParOldGen       total 875008K, used 410346K [0x0000000080000000, 0x00000000b5680000, 0x00000000d5580000)
  object space 875008K, 46% used [0x0000000080000000,0x00000000990bab88,0x00000000b5680000)
 Metaspace       used 87730K, committed 89536K, reserved 1179648K
  class space    used 9139K, committed 9920K, reserved 1048576K
}

